Debug: Platform: Linux,4.4.74-boot2docker,x86_64,-jnone,-smalloc,-smalloc,-hcritbit

Debug: Child (71) Started
Info: Child (71) said Child starts
Error: Manager got SIGINT
Debug: Stopping Child
Info: Child (71) ended
Info: Child (71) said Child dies
Debug: Child cleanup complete
Debug: Platform: Linux,4.4.74-boot2docker,x86_64,-jnone,-smalloc,-smalloc,-hcritbit

Debug: Child (323) Started
Info: Child (323) said Child starts
Error: Manager got SIGINT
Debug: Stopping Child
Info: Child (323) ended
Info: Child (323) said Child dies
Debug: Child cleanup complete
Debug: Platform: Linux,4.4.74-boot2docker,x86_64,-jnone,-smalloc,-smalloc,-hcritbit

Debug: Child (556) Started
Info: Child (556) said Child starts
Error: Manager got SIGINT
Debug: Stopping Child
Info: Child (556) ended
Info: Child (556) said Child dies
Debug: Child cleanup complete
Debug: Platform: Linux,4.4.74-boot2docker,x86_64,-jnone,-smalloc,-smalloc,-hcritbit

Debug: Child (837) Started
Info: Child (837) said Child starts
Error: Manager got SIGINT
Debug: Stopping Child
Info: Child (837) ended
Info: Child (837) said Child dies
Debug: Child cleanup complete
Debug: Platform: Linux,4.4.74-boot2docker,x86_64,-jnone,-smalloc,-smalloc,-hcritbit

Debug: Child (1080) Started
Info: Child (1080) said Child starts
Error: Manager got SIGINT
Debug: Stopping Child
Info: Child (1080) ended
Info: Child (1080) said Child dies
Debug: Child cleanup complete
Debug: Platform: Linux,4.4.74-boot2docker,x86_64,-jnone,-smalloc,-smalloc,-hcritbit

Debug: Child (1324) Started
Info: Child (1324) said Child starts
Error: Manager got SIGINT
Debug: Stopping Child
Info: Child (1324) ended
Info: Child (1324) said Child dies
Debug: Child cleanup complete
Debug: Platform: Linux,4.4.74-boot2docker,x86_64,-jnone,-smalloc,-smalloc,-hcritbit

Debug: Child (1557) Started
Info: Child (1557) said Child starts
