[12-Jan-2018 21:52:52 UTC] PHP Notice:  Undefined index: SERVER_SOFTWARE in phar:///usr/local/bin/wp/php/WP_CLI/Runner.php(1020) : eval()'d code on line 75
[12-Jan-2018 21:52:53 UTC] PHP Notice:  Undefined index: SERVER_SOFTWARE in phar:///usr/local/bin/wp/php/WP_CLI/Runner.php(1020) : eval()'d code on line 75
[12-Jan-2018 21:52:54 UTC] PHP Notice:  Undefined index: SERVER_SOFTWARE in phar:///usr/local/bin/wp/php/WP_CLI/Runner.php(1020) : eval()'d code on line 75
[12-Jan-2018 21:52:54 UTC] PHP Notice:  Undefined index: SERVER_SOFTWARE in phar:///usr/local/bin/wp/php/WP_CLI/Runner.php(1020) : eval()'d code on line 75
[12-Jan-2018 21:52:55 UTC] PHP Notice:  Undefined index: SERVER_SOFTWARE in phar:///usr/local/bin/wp/php/WP_CLI/Runner.php(1020) : eval()'d code on line 75
[12-Jan-2018 21:52:55 UTC] PHP Notice:  Undefined index: SERVER_SOFTWARE in phar:///usr/local/bin/wp/php/WP_CLI/Runner.php(1020) : eval()'d code on line 75
[05-Feb-2018 22:08:50 UTC] PHP Parse error:  syntax error, unexpected ')' in /app/public/wp-content/themes/fictional-university-theme/index.php on line 7
[05-Feb-2018 22:09:54 UTC] PHP Parse error:  syntax error, unexpected '}', expecting ',' or ';' in /app/public/wp-content/themes/fictional-university-theme/index.php on line 9
[06-Feb-2018 18:55:45 UTC] PHP Fatal error:  Uncaught Error: Call to undefined function request_filesystem_credentials() in /app/public/wp-admin/includes/class-wp-upgrader-skin.php:93
Stack trace:
#0 /app/public/wp-admin/includes/class-automatic-upgrader-skin.php(47): WP_Upgrader_Skin->request_filesystem_credentials(false, '/app/public/', true)
#1 /app/public/wp-admin/includes/class-wp-automatic-updater.php(144): Automatic_Upgrader_Skin->request_filesystem_credentials(false, '/app/public/', true)
#2 /app/public/wp-admin/includes/update.php(85): WP_Automatic_Updater->should_update('core', Object(stdClass), '/app/public/')
#3 /app/public/wp-includes/update.php(215): find_core_auto_update()
#4 /app/public/wp-includes/class-wp-hook.php(286): wp_version_check()
#5 /app/public/wp-includes/class-wp-hook.php(310): WP_Hook->apply_filters('', Array)
#6 /app/public/wp-includes/plugin.php(515): WP_Hook->do_action(Array)
#7 /app/public/wp-cron.php(126): do_action_ref_array('wp_version_chec...', Array)
#8 {main}
  thrown in /app/public/wp-admin/includes/class-wp-upgrader-skin.php on line 93
[06-Feb-2018 22:23:46 UTC] PHP Fatal error:  Uncaught Error: Call to undefined function request_filesystem_credentials() in /app/public/wp-admin/includes/class-wp-upgrader-skin.php:93
Stack trace:
#0 /app/public/wp-admin/includes/class-automatic-upgrader-skin.php(47): WP_Upgrader_Skin->request_filesystem_credentials(false, '/app/public/', true)
#1 /app/public/wp-admin/includes/class-wp-automatic-updater.php(144): Automatic_Upgrader_Skin->request_filesystem_credentials(false, '/app/public/', true)
#2 /app/public/wp-admin/includes/update.php(85): WP_Automatic_Updater->should_update('core', Object(stdClass), '/app/public/')
#3 /app/public/wp-includes/update.php(215): find_core_auto_update()
#4 /app/public/wp-includes/class-wp-hook.php(286): wp_version_check()
#5 /app/public/wp-includes/class-wp-hook.php(310): WP_Hook->apply_filters('', Array)
#6 /app/public/wp-includes/plugin.php(515): WP_Hook->do_action(Array)
#7 /app/public/wp-cron.php(126): do_action_ref_array('wp_version_chec...', Array)
#8 {main}
  thrown in /app/public/wp-admin/includes/class-wp-upgrader-skin.php on line 93
[07-Feb-2018 20:42:32 UTC] PHP Parse error:  syntax error, unexpected 'the_author' (T_STRING), expecting ',' or ';' in /app/public/wp-content/themes/fictional-university-theme/archive.php on line 10
[07-Feb-2018 21:03:07 UTC] PHP Parse error:  syntax error, unexpected ';' in /app/public/wp-content/themes/fictional-university-theme/front-page.php on line 53
[07-Feb-2018 21:09:18 UTC] PHP Fatal error:  Uncaught Error: Call to undefined function wp_rest_postdata() in /app/public/wp-content/themes/fictional-university-theme/front-page.php:65
Stack trace:
#0 /app/public/wp-includes/template-loader.php(74): include()
#1 /app/public/wp-blog-header.php(19): require_once('/app/public/wp-...')
#2 /app/public/index.php(15): require('/app/public/wp-...')
#3 {main}
  thrown in /app/public/wp-content/themes/fictional-university-theme/front-page.php on line 65
[07-Feb-2018 22:22:53 UTC] PHP Fatal error:  Uncaught Error: Call to undefined function request_filesystem_credentials() in /app/public/wp-admin/includes/class-wp-upgrader-skin.php:93
Stack trace:
#0 /app/public/wp-admin/includes/class-automatic-upgrader-skin.php(47): WP_Upgrader_Skin->request_filesystem_credentials(false, '/app/public/', true)
#1 /app/public/wp-admin/includes/class-wp-automatic-updater.php(144): Automatic_Upgrader_Skin->request_filesystem_credentials(false, '/app/public/', true)
#2 /app/public/wp-admin/includes/update.php(85): WP_Automatic_Updater->should_update('core', Object(stdClass), '/app/public/')
#3 /app/public/wp-includes/update.php(215): find_core_auto_update()
#4 /app/public/wp-includes/class-wp-hook.php(286): wp_version_check()
#5 /app/public/wp-includes/class-wp-hook.php(310): WP_Hook->apply_filters('', Array)
#6 /app/public/wp-includes/plugin.php(515): WP_Hook->do_action(Array)
#7 /app/public/wp-cron.php(126): do_action_ref_array('wp_version_chec...', Array)
#8 {main}
  thrown in /app/public/wp-admin/includes/class-wp-upgrader-skin.php on line 93
[08-Feb-2018 19:38:45 UTC] PHP Fatal error:  Uncaught Error: Call to undefined function request_filesystem_credentials() in /app/public/wp-admin/includes/class-wp-upgrader-skin.php:93
Stack trace:
#0 /app/public/wp-admin/includes/class-automatic-upgrader-skin.php(47): WP_Upgrader_Skin->request_filesystem_credentials(false, '/app/public/', true)
#1 /app/public/wp-admin/includes/class-wp-automatic-updater.php(144): Automatic_Upgrader_Skin->request_filesystem_credentials(false, '/app/public/', true)
#2 /app/public/wp-admin/includes/update.php(85): WP_Automatic_Updater->should_update('core', Object(stdClass), '/app/public/')
#3 /app/public/wp-includes/update.php(215): find_core_auto_update()
#4 /app/public/wp-includes/class-wp-hook.php(286): wp_version_check()
#5 /app/public/wp-includes/class-wp-hook.php(310): WP_Hook->apply_filters('', Array)
#6 /app/public/wp-includes/plugin.php(515): WP_Hook->do_action(Array)
#7 /app/public/wp-cron.php(126): do_action_ref_array('wp_version_chec...', Array)
#8 {main}
  thrown in /app/public/wp-admin/includes/class-wp-upgrader-skin.php on line 93
[08-Feb-2018 21:05:30 UTC] PHP Parse error:  syntax error, unexpected '}', expecting ',' or ';' in /app/public/wp-content/themes/fictional-university-theme/front-page.php on line 67
[08-Feb-2018 21:08:31 UTC] PHP Parse error:  syntax error, unexpected ''rewrite'' (T_CONSTANT_ENCAPSED_STRING), expecting ')' in /app/public/wp-content/mu-plugins/university-post-types.php on line 5
[08-Feb-2018 21:08:36 UTC] PHP Parse error:  syntax error, unexpected ''rewrite'' (T_CONSTANT_ENCAPSED_STRING), expecting ')' in /app/public/wp-content/mu-plugins/university-post-types.php on line 5
[08-Feb-2018 21:08:36 UTC] PHP Parse error:  syntax error, unexpected ''rewrite'' (T_CONSTANT_ENCAPSED_STRING), expecting ')' in /app/public/wp-content/mu-plugins/university-post-types.php on line 5
[08-Feb-2018 21:39:54 UTC] PHP Parse error:  syntax error, unexpected ''order'' (T_CONSTANT_ENCAPSED_STRING), expecting ')' in /app/public/wp-content/themes/fictional-university-theme/front-page.php on line 25
[08-Feb-2018 21:53:11 UTC] PHP Fatal error:  Uncaught Error: Call to undefined function request_filesystem_credentials() in /app/public/wp-admin/includes/class-wp-upgrader-skin.php:93
Stack trace:
#0 /app/public/wp-admin/includes/class-automatic-upgrader-skin.php(47): WP_Upgrader_Skin->request_filesystem_credentials(false, '/app/public/', true)
#1 /app/public/wp-admin/includes/class-wp-automatic-updater.php(144): Automatic_Upgrader_Skin->request_filesystem_credentials(false, '/app/public/', true)
#2 /app/public/wp-admin/includes/update.php(85): WP_Automatic_Updater->should_update('core', Object(stdClass), '/app/public/')
#3 /app/public/wp-includes/update.php(215): find_core_auto_update()
#4 /app/public/wp-includes/class-wp-hook.php(286): wp_version_check()
#5 /app/public/wp-includes/class-wp-hook.php(310): WP_Hook->apply_filters('', Array)
#6 /app/public/wp-includes/plugin.php(515): WP_Hook->do_action(Array)
#7 /app/public/wp-cron.php(126): do_action_ref_array('wp_version_chec...', Array)
#8 {main}
  thrown in /app/public/wp-admin/includes/class-wp-upgrader-skin.php on line 93
[08-Feb-2018 22:02:50 UTC] PHP Parse error:  syntax error, unexpected ''type'' (T_CONSTANT_ENCAPSED_STRING), expecting ')' in /app/public/wp-content/themes/fictional-university-theme/functions.php on line 31
[08-Feb-2018 22:57:10 UTC] PHP Parse error:  syntax error, unexpected 'foreach' (T_FOREACH), expecting ',' or ';' in /app/public/wp-content/themes/fictional-university-theme/single-event.php on line 28
[08-Feb-2018 23:00:38 UTC] PHP Warning:  Invalid argument supplied for foreach() in /app/public/wp-content/themes/fictional-university-theme/single-event.php on line 29
[08-Feb-2018 23:15:31 UTC] PHP Parse error:  syntax error, unexpected 'while' (T_WHILE), expecting ',' or ';' in /app/public/wp-content/themes/fictional-university-theme/single-program.php on line 47
[08-Feb-2018 23:16:39 UTC] PHP Parse error:  syntax error, unexpected 'echo' (T_ECHO), expecting ',' or ';' in /app/public/wp-content/themes/fictional-university-theme/single-program.php on line 47
[08-Feb-2018 23:22:06 UTC] PHP Parse error:  syntax error, unexpected ')' in /app/public/wp-content/themes/fictional-university-theme/single-program.php on line 46
[08-Feb-2018 23:55:19 UTC] PHP Parse error:  syntax error, unexpected 'get_the_title' (T_STRING), expecting ',' or ';' in /app/public/wp-content/themes/fictional-university-theme/single-program.php on line 40
[08-Feb-2018 23:55:34 UTC] PHP Parse error:  syntax error, unexpected 'get_the_title' (T_STRING), expecting ',' or ';' in /app/public/wp-content/themes/fictional-university-theme/single-program.php on line 40
[08-Feb-2018 23:55:50 UTC] PHP Parse error:  syntax error, unexpected 'echo' (T_ECHO), expecting ',' or ';' in /app/public/wp-content/themes/fictional-university-theme/single-program.php on line 40
[08-Feb-2018 23:56:00 UTC] PHP Parse error:  syntax error, unexpected '.' in /app/public/wp-content/themes/fictional-university-theme/single-program.php on line 40
[08-Feb-2018 23:56:25 UTC] PHP Parse error:  syntax error, unexpected end of file in /app/public/wp-content/themes/fictional-university-theme/single-program.php on line 104
[09-Feb-2018 18:59:24 UTC] PHP Fatal error:  Uncaught Error: Call to undefined function request_filesystem_credentials() in /app/public/wp-admin/includes/class-wp-upgrader-skin.php:93
Stack trace:
#0 /app/public/wp-admin/includes/class-automatic-upgrader-skin.php(47): WP_Upgrader_Skin->request_filesystem_credentials(false, '/app/public/', true)
#1 /app/public/wp-admin/includes/class-wp-automatic-updater.php(144): Automatic_Upgrader_Skin->request_filesystem_credentials(false, '/app/public/', true)
#2 /app/public/wp-admin/includes/update.php(85): WP_Automatic_Updater->should_update('core', Object(stdClass), '/app/public/')
#3 /app/public/wp-includes/update.php(215): find_core_auto_update()
#4 /app/public/wp-includes/class-wp-hook.php(286): wp_version_check()
#5 /app/public/wp-includes/class-wp-hook.php(310): WP_Hook->apply_filters('', Array)
#6 /app/public/wp-includes/plugin.php(515): WP_Hook->do_action(Array)
#7 /app/public/wp-cron.php(126): do_action_ref_array('wp_version_chec...', Array)
#8 {main}
  thrown in /app/public/wp-admin/includes/class-wp-upgrader-skin.php on line 93
[09-Feb-2018 20:08:11 UTC] PHP Parse error:  syntax error, unexpected '}', expecting ',' or ';' in /app/public/wp-content/themes/fictional-university-theme/single-program.php on line 58
[09-Feb-2018 20:11:03 UTC] PHP Fatal error:  Uncaught ArgumentCountError: Too few arguments to function add_image_size(), 0 passed in /app/public/wp-content/themes/fictional-university-theme/functions.php on line 16 and at least 1 expected in /app/public/wp-includes/media.php:277
Stack trace:
#0 /app/public/wp-content/themes/fictional-university-theme/functions.php(16): add_image_size()
#1 /app/public/wp-includes/class-wp-hook.php(286): university_features('')
#2 /app/public/wp-includes/class-wp-hook.php(310): WP_Hook->apply_filters(NULL, Array)
#3 /app/public/wp-includes/plugin.php(453): WP_Hook->do_action(Array)
#4 /app/public/wp-settings.php(434): do_action('after_setup_the...')
#5 /app/public/wp-config.php(86): require_once('/app/public/wp-...')
#6 /app/public/wp-load.php(37): require_once('/app/public/wp-...')
#7 /app/public/wp-admin/admin-ajax.php(22): require_once('/app/public/wp-...')
#8 {main}
  thrown in /app/public/wp-includes/media.php on line 277
[09-Feb-2018 22:56:12 UTC] PHP Fatal error:  Uncaught Error: Call to undefined function request_filesystem_credentials() in /app/public/wp-admin/includes/class-wp-upgrader-skin.php:93
Stack trace:
#0 /app/public/wp-admin/includes/class-automatic-upgrader-skin.php(47): WP_Upgrader_Skin->request_filesystem_credentials(false, '/app/public/', true)
#1 /app/public/wp-admin/includes/class-wp-automatic-updater.php(144): Automatic_Upgrader_Skin->request_filesystem_credentials(false, '/app/public/', true)
#2 /app/public/wp-admin/includes/update.php(85): WP_Automatic_Updater->should_update('core', Object(stdClass), '/app/public/')
#3 /app/public/wp-includes/update.php(215): find_core_auto_update()
#4 /app/public/wp-includes/class-wp-hook.php(286): wp_version_check()
#5 /app/public/wp-includes/class-wp-hook.php(310): WP_Hook->apply_filters('', Array)
#6 /app/public/wp-includes/plugin.php(515): WP_Hook->do_action(Array)
#7 /app/public/wp-cron.php(126): do_action_ref_array('wp_version_chec...', Array)
#8 {main}
  thrown in /app/public/wp-admin/includes/class-wp-upgrader-skin.php on line 93
[09-Feb-2018 23:35:58 UTC] PHP Parse error:  syntax error, unexpected '}' in /app/public/wp-content/themes/fictional-university-theme/functions.php on line 14
[09-Feb-2018 23:36:55 UTC] PHP Parse error:  syntax error, unexpected '}' in /app/public/wp-content/themes/fictional-university-theme/functions.php on line 14
[09-Feb-2018 23:37:28 UTC] PHP Parse error:  syntax error, unexpected '}' in /app/public/wp-content/themes/fictional-university-theme/functions.php on line 14
[27-Feb-2018 16:41:19 UTC] PHP Fatal error:  Uncaught Error: Call to undefined function request_filesystem_credentials() in /app/public/wp-admin/includes/class-wp-upgrader-skin.php:93
Stack trace:
#0 /app/public/wp-admin/includes/class-automatic-upgrader-skin.php(47): WP_Upgrader_Skin->request_filesystem_credentials(false, '/app/public/', true)
#1 /app/public/wp-admin/includes/class-wp-automatic-updater.php(144): Automatic_Upgrader_Skin->request_filesystem_credentials(false, '/app/public/', true)
#2 /app/public/wp-admin/includes/update.php(85): WP_Automatic_Updater->should_update('core', Object(stdClass), '/app/public/')
#3 /app/public/wp-includes/update.php(215): find_core_auto_update()
#4 /app/public/wp-includes/class-wp-hook.php(286): wp_version_check()
#5 /app/public/wp-includes/class-wp-hook.php(310): WP_Hook->apply_filters('', Array)
#6 /app/public/wp-includes/plugin.php(515): WP_Hook->do_action(Array)
#7 /app/public/wp-cron.php(126): do_action_ref_array('wp_version_chec...', Array)
#8 {main}
  thrown in /app/public/wp-admin/includes/class-wp-upgrader-skin.php on line 93
[27-Feb-2018 17:34:04 UTC] PHP Parse error:  syntax error, unexpected '<' in /app/public/wp-content/themes/fictional-university-theme/header.php on line 21
[27-Feb-2018 20:03:19 UTC] PHP Parse error:  syntax error, unexpected '}', expecting ',' or ';' in /app/public/wp-content/themes/fictional-university-theme/single-program.php on line 90
[27-Feb-2018 20:07:26 UTC] PHP Parse error:  syntax error, unexpected 'foreach' (T_FOREACH), expecting ',' or ';' in /app/public/wp-content/themes/fictional-university-theme/single-program.php on line 91
[27-Feb-2018 20:07:51 UTC] PHP Parse error:  syntax error, unexpected 'foreach' (T_FOREACH), expecting ',' or ';' in /app/public/wp-content/themes/fictional-university-theme/single-program.php on line 91
[02-Mar-2018 17:22:01 UTC] PHP Fatal error:  Uncaught Error: Call to undefined function request_filesystem_credentials() in /app/public/wp-admin/includes/class-wp-upgrader-skin.php:93
Stack trace:
#0 /app/public/wp-admin/includes/class-automatic-upgrader-skin.php(47): WP_Upgrader_Skin->request_filesystem_credentials(false, '/app/public/', true)
#1 /app/public/wp-admin/includes/class-wp-automatic-updater.php(144): Automatic_Upgrader_Skin->request_filesystem_credentials(false, '/app/public/', true)
#2 /app/public/wp-admin/includes/update.php(85): WP_Automatic_Updater->should_update('core', Object(stdClass), '/app/public/')
#3 /app/public/wp-includes/update.php(215): find_core_auto_update()
#4 /app/public/wp-includes/class-wp-hook.php(286): wp_version_check()
#5 /app/public/wp-includes/class-wp-hook.php(310): WP_Hook->apply_filters('', Array)
#6 /app/public/wp-includes/plugin.php(515): WP_Hook->do_action(Array)
#7 /app/public/wp-cron.php(126): do_action_ref_array('wp_version_chec...', Array)
#8 {main}
  thrown in /app/public/wp-admin/includes/class-wp-upgrader-skin.php on line 93
[12-Mar-2018 20:16:20 UTC] PHP Fatal error:  Uncaught Error: Call to undefined function request_filesystem_credentials() in /app/public/wp-admin/includes/class-wp-upgrader-skin.php:93
Stack trace:
#0 /app/public/wp-admin/includes/class-automatic-upgrader-skin.php(47): WP_Upgrader_Skin->request_filesystem_credentials(false, '/app/public/', true)
#1 /app/public/wp-admin/includes/class-wp-automatic-updater.php(144): Automatic_Upgrader_Skin->request_filesystem_credentials(false, '/app/public/', true)
#2 /app/public/wp-admin/includes/update.php(85): WP_Automatic_Updater->should_update('core', Object(stdClass), '/app/public/')
#3 /app/public/wp-includes/update.php(215): find_core_auto_update()
#4 /app/public/wp-includes/class-wp-hook.php(286): wp_version_check()
#5 /app/public/wp-includes/class-wp-hook.php(310): WP_Hook->apply_filters('', Array)
#6 /app/public/wp-includes/plugin.php(515): WP_Hook->do_action(Array)
#7 /app/public/wp-cron.php(126): do_action_ref_array('wp_version_chec...', Array)
#8 {main}
  thrown in /app/public/wp-admin/includes/class-wp-upgrader-skin.php on line 93
[14-Mar-2018 16:47:35 UTC] PHP Fatal error:  Uncaught Error: Call to undefined function request_filesystem_credentials() in /app/public/wp-admin/includes/class-wp-upgrader-skin.php:93
Stack trace:
#0 /app/public/wp-admin/includes/class-automatic-upgrader-skin.php(47): WP_Upgrader_Skin->request_filesystem_credentials(false, '/app/public/', true)
#1 /app/public/wp-admin/includes/class-wp-automatic-updater.php(144): Automatic_Upgrader_Skin->request_filesystem_credentials(false, '/app/public/', true)
#2 /app/public/wp-admin/includes/update.php(85): WP_Automatic_Updater->should_update('core', Object(stdClass), '/app/public/')
#3 /app/public/wp-includes/update.php(215): find_core_auto_update()
#4 /app/public/wp-includes/class-wp-hook.php(286): wp_version_check()
#5 /app/public/wp-includes/class-wp-hook.php(310): WP_Hook->apply_filters('', Array)
#6 /app/public/wp-includes/plugin.php(515): WP_Hook->do_action(Array)
#7 /app/public/wp-cron.php(126): do_action_ref_array('wp_version_chec...', Array)
#8 {main}
  thrown in /app/public/wp-admin/includes/class-wp-upgrader-skin.php on line 93
[14-Mar-2018 20:18:37 UTC] PHP Warning:  call_user_func_array() expects parameter 1 to be a valid callback, function 'university_custom_rest' not found or invalid function name in /app/public/wp-includes/class-wp-hook.php on line 286
[14-Mar-2018 20:18:37 UTC] PHP Warning:  call_user_func_array() expects parameter 1 to be a valid callback, function 'university_custom_rest' not found or invalid function name in /app/public/wp-includes/class-wp-hook.php on line 286
[14-Mar-2018 20:18:50 UTC] PHP Warning:  call_user_func_array() expects parameter 1 to be a valid callback, function 'university_custom_rest' not found or invalid function name in /app/public/wp-includes/class-wp-hook.php on line 286
[14-Mar-2018 20:18:50 UTC] PHP Warning:  call_user_func_array() expects parameter 1 to be a valid callback, function 'university_custom_rest' not found or invalid function name in /app/public/wp-includes/class-wp-hook.php on line 286
[14-Mar-2018 20:21:13 UTC] PHP Warning:  call_user_func_array() expects parameter 1 to be a valid callback, function 'university_custom_rest' not found or invalid function name in /app/public/wp-includes/class-wp-hook.php on line 286
[14-Mar-2018 20:21:13 UTC] PHP Warning:  call_user_func_array() expects parameter 1 to be a valid callback, function 'university_custom_rest' not found or invalid function name in /app/public/wp-includes/class-wp-hook.php on line 286
[14-Mar-2018 20:21:19 UTC] PHP Warning:  call_user_func_array() expects parameter 1 to be a valid callback, function 'university_custom_rest' not found or invalid function name in /app/public/wp-includes/class-wp-hook.php on line 286
[14-Mar-2018 20:21:19 UTC] PHP Warning:  call_user_func_array() expects parameter 1 to be a valid callback, function 'university_custom_rest' not found or invalid function name in /app/public/wp-includes/class-wp-hook.php on line 286
[14-Mar-2018 20:21:23 UTC] PHP Warning:  call_user_func_array() expects parameter 1 to be a valid callback, function 'university_custom_rest' not found or invalid function name in /app/public/wp-includes/class-wp-hook.php on line 286
[14-Mar-2018 20:21:23 UTC] PHP Warning:  call_user_func_array() expects parameter 1 to be a valid callback, function 'university_custom_rest' not found or invalid function name in /app/public/wp-includes/class-wp-hook.php on line 286
[14-Mar-2018 21:02:20 UTC] PHP Parse error:  syntax error, unexpected ')' in /app/public/wp-content/themes/fictional-university-theme/inc/search-route.php on line 22
[14-Mar-2018 21:02:29 UTC] PHP Fatal error:  Only variables can be passed by reference in /app/public/wp-content/themes/fictional-university-theme/inc/search-route.php on line 21
[14-Mar-2018 21:02:42 UTC] PHP Fatal error:  Only variables can be passed by reference in /app/public/wp-content/themes/fictional-university-theme/inc/search-route.php on line 21
[14-Mar-2018 21:52:54 UTC] PHP Fatal error:  Uncaught Error: Call to undefined function request_filesystem_credentials() in /app/public/wp-admin/includes/class-wp-upgrader-skin.php:93
Stack trace:
#0 /app/public/wp-admin/includes/class-automatic-upgrader-skin.php(47): WP_Upgrader_Skin->request_filesystem_credentials(false, '/app/public/', true)
#1 /app/public/wp-admin/includes/class-wp-automatic-updater.php(144): Automatic_Upgrader_Skin->request_filesystem_credentials(false, '/app/public/', true)
#2 /app/public/wp-admin/includes/update.php(85): WP_Automatic_Updater->should_update('core', Object(stdClass), '/app/public/')
#3 /app/public/wp-includes/update.php(215): find_core_auto_update()
#4 /app/public/wp-includes/class-wp-hook.php(286): wp_version_check()
#5 /app/public/wp-includes/class-wp-hook.php(310): WP_Hook->apply_filters('', Array)
#6 /app/public/wp-includes/plugin.php(515): WP_Hook->do_action(Array)
#7 /app/public/wp-cron.php(126): do_action_ref_array('wp_version_chec...', Array)
#8 {main}
  thrown in /app/public/wp-admin/includes/class-wp-upgrader-skin.php on line 93
[15-Mar-2018 16:36:00 UTC] PHP Fatal error:  Uncaught Error: Call to undefined function request_filesystem_credentials() in /app/public/wp-admin/includes/class-wp-upgrader-skin.php:93
Stack trace:
#0 /app/public/wp-admin/includes/class-automatic-upgrader-skin.php(47): WP_Upgrader_Skin->request_filesystem_credentials(false, '/app/public/', true)
#1 /app/public/wp-admin/includes/class-wp-automatic-updater.php(144): Automatic_Upgrader_Skin->request_filesystem_credentials(false, '/app/public/', true)
#2 /app/public/wp-admin/includes/update.php(85): WP_Automatic_Updater->should_update('core', Object(stdClass), '/app/public/')
#3 /app/public/wp-includes/update.php(215): find_core_auto_update()
#4 /app/public/wp-includes/class-wp-hook.php(286): wp_version_check()
#5 /app/public/wp-includes/class-wp-hook.php(310): WP_Hook->apply_filters('', Array)
#6 /app/public/wp-includes/plugin.php(515): WP_Hook->do_action(Array)
#7 /app/public/wp-cron.php(126): do_action_ref_array('wp_version_chec...', Array)
#8 {main}
  thrown in /app/public/wp-admin/includes/class-wp-upgrader-skin.php on line 93
[15-Mar-2018 20:01:56 UTC] PHP Parse error:  syntax error, unexpected '}', expecting ',' or ';' in /app/public/wp-content/themes/fictional-university-theme/search.php on line 22
[15-Mar-2018 21:37:25 UTC] PHP Fatal error:  Cannot redeclare redirectSubsToFrontend() (previously declared in /app/public/wp-content/themes/fictional-university-theme/functions.php:115) in /app/public/wp-content/themes/fictional-university-theme/functions.php on line 127
[15-Mar-2018 21:49:58 UTC] PHP Fatal error:  Uncaught Error: Call to undefined function p_enqueue_style() in /app/public/wp-content/themes/fictional-university-theme/functions.php:141
Stack trace:
#0 /app/public/wp-includes/class-wp-hook.php(286): ourLoginCSS('')
#1 /app/public/wp-includes/class-wp-hook.php(310): WP_Hook->apply_filters('', Array)
#2 /app/public/wp-includes/plugin.php(453): WP_Hook->do_action(Array)
#3 /app/public/wp-login.php(103): do_action('login_enqueue_s...')
#4 /app/public/wp-login.php(973): login_header('Log In', '', Object(WP_Error))
#5 {main}
  thrown in /app/public/wp-content/themes/fictional-university-theme/functions.php on line 141
[15-Mar-2018 21:54:02 UTC] PHP Fatal error:  Uncaught Error: Call to undefined function request_filesystem_credentials() in /app/public/wp-admin/includes/class-wp-upgrader-skin.php:93
Stack trace:
#0 /app/public/wp-admin/includes/class-automatic-upgrader-skin.php(47): WP_Upgrader_Skin->request_filesystem_credentials(false, '/app/public/', true)
#1 /app/public/wp-admin/includes/class-wp-automatic-updater.php(144): Automatic_Upgrader_Skin->request_filesystem_credentials(false, '/app/public/', true)
#2 /app/public/wp-admin/includes/update.php(85): WP_Automatic_Updater->should_update('core', Object(stdClass), '/app/public/')
#3 /app/public/wp-includes/update.php(215): find_core_auto_update()
#4 /app/public/wp-includes/class-wp-hook.php(286): wp_version_check()
#5 /app/public/wp-includes/class-wp-hook.php(310): WP_Hook->apply_filters('', Array)
#6 /app/public/wp-includes/plugin.php(515): WP_Hook->do_action(Array)
#7 /app/public/wp-cron.php(126): do_action_ref_array('wp_version_chec...', Array)
#8 {main}
  thrown in /app/public/wp-admin/includes/class-wp-upgrader-skin.php on line 93
[16-Mar-2018 22:34:56 UTC] PHP Fatal error:  Uncaught Error: Call to undefined function request_filesystem_credentials() in /app/public/wp-admin/includes/class-wp-upgrader-skin.php:93
Stack trace:
#0 /app/public/wp-admin/includes/class-automatic-upgrader-skin.php(47): WP_Upgrader_Skin->request_filesystem_credentials(false, '/app/public/', true)
#1 /app/public/wp-admin/includes/class-wp-automatic-updater.php(144): Automatic_Upgrader_Skin->request_filesystem_credentials(false, '/app/public/', true)
#2 /app/public/wp-admin/includes/update.php(85): WP_Automatic_Updater->should_update('core', Object(stdClass), '/app/public/')
#3 /app/public/wp-includes/update.php(215): find_core_auto_update()
#4 /app/public/wp-includes/class-wp-hook.php(286): wp_version_check()
#5 /app/public/wp-includes/class-wp-hook.php(310): WP_Hook->apply_filters('', Array)
#6 /app/public/wp-includes/plugin.php(515): WP_Hook->do_action(Array)
#7 /app/public/wp-cron.php(126): do_action_ref_array('wp_version_chec...', Array)
#8 {main}
  thrown in /app/public/wp-admin/includes/class-wp-upgrader-skin.php on line 93
[17-Mar-2018 19:00:39 UTC] PHP Fatal error:  Uncaught Error: Call to undefined function request_filesystem_credentials() in /app/public/wp-admin/includes/class-wp-upgrader-skin.php:93
Stack trace:
#0 /app/public/wp-admin/includes/class-automatic-upgrader-skin.php(47): WP_Upgrader_Skin->request_filesystem_credentials(false, '/app/public/', true)
#1 /app/public/wp-admin/includes/class-wp-automatic-updater.php(144): Automatic_Upgrader_Skin->request_filesystem_credentials(false, '/app/public/', true)
#2 /app/public/wp-admin/includes/update.php(85): WP_Automatic_Updater->should_update('core', Object(stdClass), '/app/public/')
#3 /app/public/wp-includes/update.php(215): find_core_auto_update()
#4 /app/public/wp-includes/class-wp-hook.php(286): wp_version_check()
#5 /app/public/wp-includes/class-wp-hook.php(310): WP_Hook->apply_filters('', Array)
#6 /app/public/wp-includes/plugin.php(515): WP_Hook->do_action(Array)
#7 /app/public/wp-cron.php(126): do_action_ref_array('wp_version_chec...', Array)
#8 {main}
  thrown in /app/public/wp-admin/includes/class-wp-upgrader-skin.php on line 93
[17-Mar-2018 23:58:50 UTC] PHP Fatal error:  Uncaught Error: Call to undefined function request_filesystem_credentials() in /app/public/wp-admin/includes/class-wp-upgrader-skin.php:93
Stack trace:
#0 /app/public/wp-admin/includes/class-automatic-upgrader-skin.php(47): WP_Upgrader_Skin->request_filesystem_credentials(false, '/app/public/', true)
#1 /app/public/wp-admin/includes/class-wp-automatic-updater.php(144): Automatic_Upgrader_Skin->request_filesystem_credentials(false, '/app/public/', true)
#2 /app/public/wp-admin/includes/update.php(85): WP_Automatic_Updater->should_update('core', Object(stdClass), '/app/public/')
#3 /app/public/wp-includes/update.php(215): find_core_auto_update()
#4 /app/public/wp-includes/class-wp-hook.php(286): wp_version_check()
#5 /app/public/wp-includes/class-wp-hook.php(310): WP_Hook->apply_filters('', Array)
#6 /app/public/wp-includes/plugin.php(515): WP_Hook->do_action(Array)
#7 /app/public/wp-cron.php(126): do_action_ref_array('wp_version_chec...', Array)
#8 {main}
  thrown in /app/public/wp-admin/includes/class-wp-upgrader-skin.php on line 93
[18-Mar-2018 18:53:14 UTC] PHP Fatal error:  Uncaught Error: Call to undefined function request_filesystem_credentials() in /app/public/wp-admin/includes/class-wp-upgrader-skin.php:93
Stack trace:
#0 /app/public/wp-admin/includes/class-automatic-upgrader-skin.php(47): WP_Upgrader_Skin->request_filesystem_credentials(false, '/app/public/', true)
#1 /app/public/wp-admin/includes/class-wp-automatic-updater.php(144): Automatic_Upgrader_Skin->request_filesystem_credentials(false, '/app/public/', true)
#2 /app/public/wp-admin/includes/update.php(85): WP_Automatic_Updater->should_update('core', Object(stdClass), '/app/public/')
#3 /app/public/wp-includes/update.php(215): find_core_auto_update()
#4 /app/public/wp-includes/class-wp-hook.php(286): wp_version_check()
#5 /app/public/wp-includes/class-wp-hook.php(310): WP_Hook->apply_filters('', Array)
#6 /app/public/wp-includes/plugin.php(515): WP_Hook->do_action(Array)
#7 /app/public/wp-cron.php(126): do_action_ref_array('wp_version_chec...', Array)
#8 {main}
  thrown in /app/public/wp-admin/includes/class-wp-upgrader-skin.php on line 93
[19-Mar-2018 15:32:40 UTC] PHP Fatal error:  Uncaught Error: Call to undefined function request_filesystem_credentials() in /app/public/wp-admin/includes/class-wp-upgrader-skin.php:93
Stack trace:
#0 /app/public/wp-admin/includes/class-automatic-upgrader-skin.php(47): WP_Upgrader_Skin->request_filesystem_credentials(false, '/app/public/', true)
#1 /app/public/wp-admin/includes/class-wp-automatic-updater.php(144): Automatic_Upgrader_Skin->request_filesystem_credentials(false, '/app/public/', true)
#2 /app/public/wp-admin/includes/update.php(85): WP_Automatic_Updater->should_update('core', Object(stdClass), '/app/public/')
#3 /app/public/wp-includes/update.php(215): find_core_auto_update()
#4 /app/public/wp-includes/class-wp-hook.php(286): wp_version_check()
#5 /app/public/wp-includes/class-wp-hook.php(310): WP_Hook->apply_filters('', Array)
#6 /app/public/wp-includes/plugin.php(515): WP_Hook->do_action(Array)
#7 /app/public/wp-cron.php(126): do_action_ref_array('wp_version_chec...', Array)
#8 {main}
  thrown in /app/public/wp-admin/includes/class-wp-upgrader-skin.php on line 93
[19-Mar-2018 17:16:34 UTC] PHP Parse error:  syntax error, unexpected '}', expecting ';' in /app/public/wp-content/themes/fictional-university-theme/functions.php on line 163
[19-Mar-2018 17:16:50 UTC] PHP Parse error:  syntax error, unexpected '}', expecting ';' in /app/public/wp-content/themes/fictional-university-theme/functions.php on line 165
[19-Mar-2018 20:02:31 UTC] PHP Warning:  call_user_func_array() expects parameter 1 to be a valid callback, function 'univeristyLikeRoutes' not found or invalid function name in /app/public/wp-includes/class-wp-hook.php on line 286
[19-Mar-2018 20:03:04 UTC] PHP Warning:  call_user_func_array() expects parameter 1 to be a valid callback, function 'univeristyLikeRoutes' not found or invalid function name in /app/public/wp-includes/class-wp-hook.php on line 286
[19-Mar-2018 20:28:54 UTC] PHP Parse error:  syntax error, unexpected ''post_content'' (T_CONSTANT_ENCAPSED_STRING), expecting ')' in /app/public/wp-content/themes/fictional-university-theme/inc/like-route.php on line 20
[19-Mar-2018 21:04:09 UTC] PHP Parse error:  syntax error, unexpected 'does' (T_STRING) in /app/public/wp-content/themes/fictional-university-theme/inc/like-route.php on line 28
[20-Mar-2018 16:03:06 UTC] PHP Fatal error:  Uncaught Error: Call to undefined function request_filesystem_credentials() in /app/public/wp-admin/includes/class-wp-upgrader-skin.php:93
Stack trace:
#0 /app/public/wp-admin/includes/class-automatic-upgrader-skin.php(47): WP_Upgrader_Skin->request_filesystem_credentials(false, '/app/public/', true)
#1 /app/public/wp-admin/includes/class-wp-automatic-updater.php(144): Automatic_Upgrader_Skin->request_filesystem_credentials(false, '/app/public/', true)
#2 /app/public/wp-admin/includes/update.php(85): WP_Automatic_Updater->should_update('core', Object(stdClass), '/app/public/')
#3 /app/public/wp-includes/update.php(215): find_core_auto_update()
#4 /app/public/wp-includes/class-wp-hook.php(286): wp_version_check()
#5 /app/public/wp-includes/class-wp-hook.php(310): WP_Hook->apply_filters('', Array)
#6 /app/public/wp-includes/plugin.php(515): WP_Hook->do_action(Array)
#7 /app/public/wp-cron.php(126): do_action_ref_array('wp_version_chec...', Array)
#8 {main}
  thrown in /app/public/wp-admin/includes/class-wp-upgrader-skin.php on line 93
