[12-Jan-2018 21:52:38] NOTICE: fpm is running, pid 15
[12-Jan-2018 21:52:38] NOTICE: ready to handle connections
[05-Feb-2018 19:36:53] NOTICE: fpm is running, pid 25
[05-Feb-2018 19:36:53] NOTICE: ready to handle connections
[05-Feb-2018 22:46:10] NOTICE: fpm is running, pid 26
[05-Feb-2018 22:46:10] NOTICE: ready to handle connections
[06-Feb-2018 18:55:37] NOTICE: fpm is running, pid 25
[06-Feb-2018 18:55:37] NOTICE: ready to handle connections
[07-Feb-2018 19:35:29] NOTICE: fpm is running, pid 25
[07-Feb-2018 19:35:29] NOTICE: ready to handle connections
[07-Feb-2018 22:53:09] NOTICE: fpm is running, pid 26
[07-Feb-2018 22:53:09] NOTICE: ready to handle connections
[08-Feb-2018 19:38:41] NOTICE: fpm is running, pid 25
[08-Feb-2018 19:38:41] NOTICE: ready to handle connections
[08-Feb-2018 20:14:13] NOTICE: fpm is running, pid 25
[08-Feb-2018 20:14:13] NOTICE: ready to handle connections
[09-Feb-2018 01:48:12] NOTICE: fpm is running, pid 27
[09-Feb-2018 01:48:12] NOTICE: ready to handle connections
[09-Feb-2018 23:05:44] NOTICE: fpm is running, pid 25
[09-Feb-2018 23:05:44] NOTICE: ready to handle connections
[27-Feb-2018 16:41:02] NOTICE: fpm is running, pid 26
[27-Feb-2018 16:41:02] NOTICE: ready to handle connections
[27-Feb-2018 18:33:29] NOTICE: fpm is running, pid 25
[27-Feb-2018 18:33:29] NOTICE: ready to handle connections
[12-Mar-2018 20:16:17] NOTICE: fpm is running, pid 25
[12-Mar-2018 20:16:17] NOTICE: ready to handle connections
