2018-01-12 21:52:38 26 [Warning] Using unique option prefix myisam-recover instead of myisam-recover-options is deprecated and will be removed in a future release. Please use the full name instead.
2018-01-12 21:52:38 26 [Note] Plugin 'FEDERATED' is disabled.
2018-01-12 21:52:38 26 [Note] InnoDB: Using atomics to ref count buffer pool pages
2018-01-12 21:52:38 26 [Note] InnoDB: The InnoDB memory heap is disabled
2018-01-12 21:52:38 26 [Note] InnoDB: Mutexes and rw_locks use GCC atomic builtins
2018-01-12 21:52:38 26 [Note] InnoDB: Memory barrier is not used
2018-01-12 21:52:38 26 [Note] InnoDB: Compressed tables use zlib 1.2.3
2018-01-12 21:52:38 26 [Note] InnoDB: Using Linux native AIO
2018-01-12 21:52:38 26 [Note] InnoDB: Using CPU crc32 instructions
2018-01-12 21:52:38 26 [Note] InnoDB: Initializing buffer pool, size = 32.0M
2018-01-12 21:52:38 26 [Note] InnoDB: Completed initialization of buffer pool
2018-01-12 21:52:38 26 [Note] InnoDB: Highest supported file format is Barracuda.
2018-01-12 21:52:38 26 [Note] InnoDB: The log sequence numbers 1625987 and 1625987 in ibdata files do not match the log sequence number 1625997 in the ib_logfiles!
2018-01-12 21:52:38 26 [Note] InnoDB: Database was not shutdown normally!
2018-01-12 21:52:38 26 [Note] InnoDB: Starting crash recovery.
2018-01-12 21:52:38 26 [Note] InnoDB: Reading tablespace information from the .ibd files...
2018-01-12 21:52:38 26 [Note] InnoDB: Restoring possible half-written data pages 
2018-01-12 21:52:38 26 [Note] InnoDB: from the doublewrite buffer...
2018-01-12 21:52:38 26 [Note] InnoDB: 128 rollback segment(s) are active.
2018-01-12 21:52:38 26 [Note] InnoDB: Waiting for purge to start
2018-01-12 21:52:38 26 [Note] InnoDB: 5.6.37 started; log sequence number 1625997
2018-01-12 21:52:38 26 [Note] Server hostname (bind-address): '*'; port: 3306
2018-01-12 21:52:38 26 [Note] IPv6 is available.
2018-01-12 21:52:38 26 [Note]   - '::' resolves to '::';
2018-01-12 21:52:38 26 [Note] Server socket created on IP: '::'.
2018-01-12 21:52:38 26 [ERROR] /usr/sbin/mysqld: Table './mysql/user' is marked as crashed and should be repaired
2018-01-12 21:52:38 26 [Warning] Checking table:   './mysql/user'
2018-01-12 21:52:38 26 [ERROR] 1 client is using or hasn't closed the table properly
2018-01-12 21:52:38 26 [Warning] 'user' entry 'root@e24d0b5cccc1' ignored in --skip-name-resolve mode.
2018-01-12 21:52:38 26 [Warning] 'user' entry '@e24d0b5cccc1' ignored in --skip-name-resolve mode.
2018-01-12 21:52:38 26 [Warning] 'proxies_priv' entry '@ root@e24d0b5cccc1' ignored in --skip-name-resolve mode.
2018-01-12 21:52:38 26 [Note] Event Scheduler: Loaded 0 events
2018-01-12 21:52:38 26 [Note] /usr/sbin/mysqld: ready for connections.
Version: '5.6.37'  socket: '/var/run/mysqld/mysqld.sock'  port: 3306  MySQL Community Server (GPL)
2018-02-05 19:36:53 38 [Warning] Using unique option prefix myisam-recover instead of myisam-recover-options is deprecated and will be removed in a future release. Please use the full name instead.
2018-02-05 19:36:53 38 [Note] Plugin 'FEDERATED' is disabled.
2018-02-05 19:36:53 38 [Note] InnoDB: Using atomics to ref count buffer pool pages
2018-02-05 19:36:53 38 [Note] InnoDB: The InnoDB memory heap is disabled
2018-02-05 19:36:53 38 [Note] InnoDB: Mutexes and rw_locks use GCC atomic builtins
2018-02-05 19:36:53 38 [Note] InnoDB: Memory barrier is not used
2018-02-05 19:36:53 38 [Note] InnoDB: Compressed tables use zlib 1.2.3
2018-02-05 19:36:53 38 [Note] InnoDB: Using Linux native AIO
2018-02-05 19:36:53 38 [Note] InnoDB: Using CPU crc32 instructions
2018-02-05 19:36:53 38 [Note] InnoDB: Initializing buffer pool, size = 32.0M
2018-02-05 19:36:53 38 [Note] InnoDB: Completed initialization of buffer pool
2018-02-05 19:36:53 38 [Note] InnoDB: Highest supported file format is Barracuda.
2018-02-05 19:36:53 38 [Note] InnoDB: The log sequence numbers 1625987 and 1625987 in ibdata files do not match the log sequence number 3066929 in the ib_logfiles!
2018-02-05 19:36:53 38 [Note] InnoDB: Database was not shutdown normally!
2018-02-05 19:36:53 38 [Note] InnoDB: Starting crash recovery.
2018-02-05 19:36:53 38 [Note] InnoDB: Reading tablespace information from the .ibd files...
2018-02-05 19:36:53 38 [Note] InnoDB: Restoring possible half-written data pages 
2018-02-05 19:36:53 38 [Note] InnoDB: from the doublewrite buffer...
2018-02-05 19:36:53 38 [Note] InnoDB: 128 rollback segment(s) are active.
2018-02-05 19:36:53 38 [Note] InnoDB: Waiting for purge to start
2018-02-05 19:36:54 38 [Note] InnoDB: 5.6.37 started; log sequence number 3066929
2018-02-05 19:36:54 38 [Note] Server hostname (bind-address): '*'; port: 3306
2018-02-05 19:36:54 38 [Note] IPv6 is available.
2018-02-05 19:36:54 38 [Note]   - '::' resolves to '::';
2018-02-05 19:36:54 38 [Note] Server socket created on IP: '::'.
2018-02-05 19:36:54 38 [Warning] 'user' entry 'root@e24d0b5cccc1' ignored in --skip-name-resolve mode.
2018-02-05 19:36:54 38 [Warning] 'user' entry '@e24d0b5cccc1' ignored in --skip-name-resolve mode.
2018-02-05 19:36:54 38 [Warning] 'proxies_priv' entry '@ root@e24d0b5cccc1' ignored in --skip-name-resolve mode.
2018-02-05 19:36:54 38 [Note] Event Scheduler: Loaded 0 events
2018-02-05 19:36:54 38 [Note] /usr/sbin/mysqld: ready for connections.
Version: '5.6.37'  socket: '/var/run/mysqld/mysqld.sock'  port: 3306  MySQL Community Server (GPL)
2018-02-05 22:46:10 39 [Warning] Using unique option prefix myisam-recover instead of myisam-recover-options is deprecated and will be removed in a future release. Please use the full name instead.
2018-02-05 22:46:10 39 [Note] Plugin 'FEDERATED' is disabled.
2018-02-05 22:46:10 39 [Note] InnoDB: Using atomics to ref count buffer pool pages
2018-02-05 22:46:10 39 [Note] InnoDB: The InnoDB memory heap is disabled
2018-02-05 22:46:10 39 [Note] InnoDB: Mutexes and rw_locks use GCC atomic builtins
2018-02-05 22:46:10 39 [Note] InnoDB: Memory barrier is not used
2018-02-05 22:46:10 39 [Note] InnoDB: Compressed tables use zlib 1.2.3
2018-02-05 22:46:10 39 [Note] InnoDB: Using Linux native AIO
2018-02-05 22:46:10 39 [Note] InnoDB: Using CPU crc32 instructions
2018-02-05 22:46:10 39 [Note] InnoDB: Initializing buffer pool, size = 32.0M
2018-02-05 22:46:10 39 [Note] InnoDB: Completed initialization of buffer pool
2018-02-05 22:46:10 39 [Note] InnoDB: Highest supported file format is Barracuda.
2018-02-05 22:46:10 39 [Note] InnoDB: The log sequence numbers 1625987 and 1625987 in ibdata files do not match the log sequence number 3866832 in the ib_logfiles!
2018-02-05 22:46:10 39 [Note] InnoDB: Database was not shutdown normally!
2018-02-05 22:46:10 39 [Note] InnoDB: Starting crash recovery.
2018-02-05 22:46:10 39 [Note] InnoDB: Reading tablespace information from the .ibd files...
2018-02-05 22:46:10 39 [Note] InnoDB: Restoring possible half-written data pages 
2018-02-05 22:46:10 39 [Note] InnoDB: from the doublewrite buffer...
2018-02-05 22:46:10 39 [Note] InnoDB: 128 rollback segment(s) are active.
2018-02-05 22:46:10 39 [Note] InnoDB: Waiting for purge to start
2018-02-05 22:46:10 39 [Note] InnoDB: 5.6.37 started; log sequence number 3866832
2018-02-05 22:46:10 39 [Note] Server hostname (bind-address): '*'; port: 3306
2018-02-05 22:46:10 39 [Note] IPv6 is available.
2018-02-05 22:46:10 39 [Note]   - '::' resolves to '::';
2018-02-05 22:46:10 39 [Note] Server socket created on IP: '::'.
2018-02-05 22:46:10 39 [Warning] 'user' entry 'root@e24d0b5cccc1' ignored in --skip-name-resolve mode.
2018-02-05 22:46:10 39 [Warning] 'user' entry '@e24d0b5cccc1' ignored in --skip-name-resolve mode.
2018-02-05 22:46:10 39 [Warning] 'proxies_priv' entry '@ root@e24d0b5cccc1' ignored in --skip-name-resolve mode.
2018-02-05 22:46:10 39 [Note] Event Scheduler: Loaded 0 events
2018-02-05 22:46:10 39 [Note] /usr/sbin/mysqld: ready for connections.
Version: '5.6.37'  socket: '/var/run/mysqld/mysqld.sock'  port: 3306  MySQL Community Server (GPL)
2018-02-06 18:55:37 38 [Warning] Using unique option prefix myisam-recover instead of myisam-recover-options is deprecated and will be removed in a future release. Please use the full name instead.
2018-02-06 18:55:37 38 [Note] Plugin 'FEDERATED' is disabled.
2018-02-06 18:55:37 38 [Note] InnoDB: Using atomics to ref count buffer pool pages
2018-02-06 18:55:37 38 [Note] InnoDB: The InnoDB memory heap is disabled
2018-02-06 18:55:37 38 [Note] InnoDB: Mutexes and rw_locks use GCC atomic builtins
2018-02-06 18:55:37 38 [Note] InnoDB: Memory barrier is not used
2018-02-06 18:55:37 38 [Note] InnoDB: Compressed tables use zlib 1.2.3
2018-02-06 18:55:37 38 [Note] InnoDB: Using Linux native AIO
2018-02-06 18:55:37 38 [Note] InnoDB: Using CPU crc32 instructions
2018-02-06 18:55:37 38 [Note] InnoDB: Initializing buffer pool, size = 32.0M
2018-02-06 18:55:37 38 [Note] InnoDB: Completed initialization of buffer pool
2018-02-06 18:55:37 38 [Note] InnoDB: Highest supported file format is Barracuda.
2018-02-06 18:55:37 38 [Note] InnoDB: The log sequence numbers 1625987 and 1625987 in ibdata files do not match the log sequence number 3908688 in the ib_logfiles!
2018-02-06 18:55:37 38 [Note] InnoDB: Database was not shutdown normally!
2018-02-06 18:55:37 38 [Note] InnoDB: Starting crash recovery.
2018-02-06 18:55:37 38 [Note] InnoDB: Reading tablespace information from the .ibd files...
2018-02-06 18:55:37 38 [Note] InnoDB: Restoring possible half-written data pages 
2018-02-06 18:55:37 38 [Note] InnoDB: from the doublewrite buffer...
2018-02-06 18:55:37 38 [Note] InnoDB: 128 rollback segment(s) are active.
2018-02-06 18:55:37 38 [Note] InnoDB: Waiting for purge to start
2018-02-06 18:55:37 38 [Note] InnoDB: 5.6.37 started; log sequence number 3908688
2018-02-06 18:55:37 38 [Note] Server hostname (bind-address): '*'; port: 3306
2018-02-06 18:55:37 38 [Note] IPv6 is available.
2018-02-06 18:55:37 38 [Note]   - '::' resolves to '::';
2018-02-06 18:55:37 38 [Note] Server socket created on IP: '::'.
2018-02-06 18:55:37 38 [Warning] 'user' entry 'root@e24d0b5cccc1' ignored in --skip-name-resolve mode.
2018-02-06 18:55:37 38 [Warning] 'user' entry '@e24d0b5cccc1' ignored in --skip-name-resolve mode.
2018-02-06 18:55:37 38 [Warning] 'proxies_priv' entry '@ root@e24d0b5cccc1' ignored in --skip-name-resolve mode.
2018-02-06 18:55:37 38 [Note] Event Scheduler: Loaded 0 events
2018-02-06 18:55:37 38 [Note] /usr/sbin/mysqld: ready for connections.
Version: '5.6.37'  socket: '/var/run/mysqld/mysqld.sock'  port: 3306  MySQL Community Server (GPL)
2018-02-07 19:35:29 39 [Warning] Using unique option prefix myisam-recover instead of myisam-recover-options is deprecated and will be removed in a future release. Please use the full name instead.
2018-02-07 19:35:29 39 [Note] Plugin 'FEDERATED' is disabled.
2018-02-07 19:35:29 39 [Note] InnoDB: Using atomics to ref count buffer pool pages
2018-02-07 19:35:29 39 [Note] InnoDB: The InnoDB memory heap is disabled
2018-02-07 19:35:29 39 [Note] InnoDB: Mutexes and rw_locks use GCC atomic builtins
2018-02-07 19:35:29 39 [Note] InnoDB: Memory barrier is not used
2018-02-07 19:35:29 39 [Note] InnoDB: Compressed tables use zlib 1.2.3
2018-02-07 19:35:29 39 [Note] InnoDB: Using Linux native AIO
2018-02-07 19:35:29 39 [Note] InnoDB: Using CPU crc32 instructions
2018-02-07 19:35:29 39 [Note] InnoDB: Initializing buffer pool, size = 32.0M
2018-02-07 19:35:29 39 [Note] InnoDB: Completed initialization of buffer pool
2018-02-07 19:35:29 39 [Note] InnoDB: Highest supported file format is Barracuda.
2018-02-07 19:35:29 39 [Note] InnoDB: The log sequence numbers 1625987 and 1625987 in ibdata files do not match the log sequence number 4682098 in the ib_logfiles!
2018-02-07 19:35:29 39 [Note] InnoDB: Database was not shutdown normally!
2018-02-07 19:35:29 39 [Note] InnoDB: Starting crash recovery.
2018-02-07 19:35:29 39 [Note] InnoDB: Reading tablespace information from the .ibd files...
2018-02-07 19:35:29 39 [Note] InnoDB: Restoring possible half-written data pages 
2018-02-07 19:35:29 39 [Note] InnoDB: from the doublewrite buffer...
2018-02-07 19:35:29 39 [Note] InnoDB: 128 rollback segment(s) are active.
2018-02-07 19:35:29 39 [Note] InnoDB: Waiting for purge to start
2018-02-07 19:35:29 39 [Note] InnoDB: 5.6.37 started; log sequence number 4682098
2018-02-07 19:35:29 39 [Note] Server hostname (bind-address): '*'; port: 3306
2018-02-07 19:35:29 39 [Note] IPv6 is available.
2018-02-07 19:35:29 39 [Note]   - '::' resolves to '::';
2018-02-07 19:35:29 39 [Note] Server socket created on IP: '::'.
2018-02-07 19:35:29 39 [Warning] 'user' entry 'root@e24d0b5cccc1' ignored in --skip-name-resolve mode.
2018-02-07 19:35:29 39 [Warning] 'user' entry '@e24d0b5cccc1' ignored in --skip-name-resolve mode.
2018-02-07 19:35:29 39 [Warning] 'proxies_priv' entry '@ root@e24d0b5cccc1' ignored in --skip-name-resolve mode.
2018-02-07 19:35:29 39 [Note] Event Scheduler: Loaded 0 events
2018-02-07 19:35:29 39 [Note] /usr/sbin/mysqld: ready for connections.
Version: '5.6.37'  socket: '/var/run/mysqld/mysqld.sock'  port: 3306  MySQL Community Server (GPL)
2018-02-07 22:53:09 39 [Warning] Using unique option prefix myisam-recover instead of myisam-recover-options is deprecated and will be removed in a future release. Please use the full name instead.
2018-02-07 22:53:09 39 [Note] Plugin 'FEDERATED' is disabled.
2018-02-07 22:53:09 39 [Note] InnoDB: Using atomics to ref count buffer pool pages
2018-02-07 22:53:09 39 [Note] InnoDB: The InnoDB memory heap is disabled
2018-02-07 22:53:09 39 [Note] InnoDB: Mutexes and rw_locks use GCC atomic builtins
2018-02-07 22:53:09 39 [Note] InnoDB: Memory barrier is not used
2018-02-07 22:53:09 39 [Note] InnoDB: Compressed tables use zlib 1.2.3
2018-02-07 22:53:09 39 [Note] InnoDB: Using Linux native AIO
2018-02-07 22:53:09 39 [Note] InnoDB: Using CPU crc32 instructions
2018-02-07 22:53:09 39 [Note] InnoDB: Initializing buffer pool, size = 32.0M
2018-02-07 22:53:09 39 [Note] InnoDB: Completed initialization of buffer pool
2018-02-07 22:53:09 39 [Note] InnoDB: Highest supported file format is Barracuda.
2018-02-07 22:53:09 39 [Note] InnoDB: The log sequence numbers 1625987 and 1625987 in ibdata files do not match the log sequence number 5375683 in the ib_logfiles!
2018-02-07 22:53:09 39 [Note] InnoDB: Database was not shutdown normally!
2018-02-07 22:53:09 39 [Note] InnoDB: Starting crash recovery.
2018-02-07 22:53:09 39 [Note] InnoDB: Reading tablespace information from the .ibd files...
2018-02-07 22:53:09 39 [Note] InnoDB: Restoring possible half-written data pages 
2018-02-07 22:53:09 39 [Note] InnoDB: from the doublewrite buffer...
2018-02-07 22:53:09 39 [Note] InnoDB: 128 rollback segment(s) are active.
2018-02-07 22:53:09 39 [Note] InnoDB: Waiting for purge to start
2018-02-07 22:53:10 39 [Note] InnoDB: 5.6.37 started; log sequence number 5375683
2018-02-07 22:53:10 39 [Note] Server hostname (bind-address): '*'; port: 3306
2018-02-07 22:53:10 39 [Note] IPv6 is available.
2018-02-07 22:53:10 39 [Note]   - '::' resolves to '::';
2018-02-07 22:53:10 39 [Note] Server socket created on IP: '::'.
2018-02-07 22:53:10 39 [Warning] 'user' entry 'root@e24d0b5cccc1' ignored in --skip-name-resolve mode.
2018-02-07 22:53:10 39 [Warning] 'user' entry '@e24d0b5cccc1' ignored in --skip-name-resolve mode.
2018-02-07 22:53:10 39 [Warning] 'proxies_priv' entry '@ root@e24d0b5cccc1' ignored in --skip-name-resolve mode.
2018-02-07 22:53:10 39 [Note] Event Scheduler: Loaded 0 events
2018-02-07 22:53:10 39 [Note] /usr/sbin/mysqld: ready for connections.
Version: '5.6.37'  socket: '/var/run/mysqld/mysqld.sock'  port: 3306  MySQL Community Server (GPL)
2018-02-08 19:38:41 38 [Warning] Using unique option prefix myisam-recover instead of myisam-recover-options is deprecated and will be removed in a future release. Please use the full name instead.
2018-02-08 19:38:41 38 [Note] Plugin 'FEDERATED' is disabled.
2018-02-08 19:38:41 38 [Note] InnoDB: Using atomics to ref count buffer pool pages
2018-02-08 19:38:41 38 [Note] InnoDB: The InnoDB memory heap is disabled
2018-02-08 19:38:41 38 [Note] InnoDB: Mutexes and rw_locks use GCC atomic builtins
2018-02-08 19:38:41 38 [Note] InnoDB: Memory barrier is not used
2018-02-08 19:38:41 38 [Note] InnoDB: Compressed tables use zlib 1.2.3
2018-02-08 19:38:41 38 [Note] InnoDB: Using Linux native AIO
2018-02-08 19:38:41 38 [Note] InnoDB: Using CPU crc32 instructions
2018-02-08 19:38:41 38 [Note] InnoDB: Initializing buffer pool, size = 32.0M
2018-02-08 19:38:41 38 [Note] InnoDB: Completed initialization of buffer pool
2018-02-08 19:38:41 38 [Note] InnoDB: Highest supported file format is Barracuda.
2018-02-08 19:38:41 38 [Note] InnoDB: The log sequence numbers 1625987 and 1625987 in ibdata files do not match the log sequence number 5375737 in the ib_logfiles!
2018-02-08 19:38:41 38 [Note] InnoDB: Database was not shutdown normally!
2018-02-08 19:38:41 38 [Note] InnoDB: Starting crash recovery.
2018-02-08 19:38:41 38 [Note] InnoDB: Reading tablespace information from the .ibd files...
2018-02-08 19:38:41 38 [Note] InnoDB: Restoring possible half-written data pages 
2018-02-08 19:38:41 38 [Note] InnoDB: from the doublewrite buffer...
2018-02-08 19:38:41 38 [Note] InnoDB: 128 rollback segment(s) are active.
2018-02-08 19:38:41 38 [Note] InnoDB: Waiting for purge to start
2018-02-08 19:38:41 38 [Note] InnoDB: 5.6.37 started; log sequence number 5375737
2018-02-08 19:38:41 38 [Note] Server hostname (bind-address): '*'; port: 3306
2018-02-08 19:38:41 38 [Note] IPv6 is available.
2018-02-08 19:38:41 38 [Note]   - '::' resolves to '::';
2018-02-08 19:38:41 38 [Note] Server socket created on IP: '::'.
2018-02-08 19:38:41 38 [Warning] 'user' entry 'root@e24d0b5cccc1' ignored in --skip-name-resolve mode.
2018-02-08 19:38:41 38 [Warning] 'user' entry '@e24d0b5cccc1' ignored in --skip-name-resolve mode.
2018-02-08 19:38:41 38 [Warning] 'proxies_priv' entry '@ root@e24d0b5cccc1' ignored in --skip-name-resolve mode.
2018-02-08 19:38:41 38 [Note] Event Scheduler: Loaded 0 events
2018-02-08 19:38:41 38 [Note] /usr/sbin/mysqld: ready for connections.
Version: '5.6.37'  socket: '/var/run/mysqld/mysqld.sock'  port: 3306  MySQL Community Server (GPL)
2018-02-08 20:14:13 39 [Warning] Using unique option prefix myisam-recover instead of myisam-recover-options is deprecated and will be removed in a future release. Please use the full name instead.
2018-02-08 20:14:13 39 [Note] Plugin 'FEDERATED' is disabled.
2018-02-08 20:14:13 39 [Note] InnoDB: Using atomics to ref count buffer pool pages
2018-02-08 20:14:13 39 [Note] InnoDB: The InnoDB memory heap is disabled
2018-02-08 20:14:13 39 [Note] InnoDB: Mutexes and rw_locks use GCC atomic builtins
2018-02-08 20:14:13 39 [Note] InnoDB: Memory barrier is not used
2018-02-08 20:14:13 39 [Note] InnoDB: Compressed tables use zlib 1.2.3
2018-02-08 20:14:13 39 [Note] InnoDB: Using Linux native AIO
2018-02-08 20:14:13 39 [Note] InnoDB: Using CPU crc32 instructions
2018-02-08 20:14:13 39 [Note] InnoDB: Initializing buffer pool, size = 32.0M
2018-02-08 20:14:13 39 [Note] InnoDB: Completed initialization of buffer pool
2018-02-08 20:14:13 39 [Note] InnoDB: Highest supported file format is Barracuda.
2018-02-08 20:14:13 39 [Note] InnoDB: The log sequence numbers 1625987 and 1625987 in ibdata files do not match the log sequence number 6040644 in the ib_logfiles!
2018-02-08 20:14:13 39 [Note] InnoDB: Database was not shutdown normally!
2018-02-08 20:14:13 39 [Note] InnoDB: Starting crash recovery.
2018-02-08 20:14:13 39 [Note] InnoDB: Reading tablespace information from the .ibd files...
2018-02-08 20:14:13 39 [Note] InnoDB: Restoring possible half-written data pages 
2018-02-08 20:14:13 39 [Note] InnoDB: from the doublewrite buffer...
2018-02-08 20:14:13 39 [Note] InnoDB: 128 rollback segment(s) are active.
2018-02-08 20:14:13 39 [Note] InnoDB: Waiting for purge to start
2018-02-08 20:14:13 39 [Note] InnoDB: 5.6.37 started; log sequence number 6040644
2018-02-08 20:14:13 39 [Note] Server hostname (bind-address): '*'; port: 3306
2018-02-08 20:14:13 39 [Note] IPv6 is available.
2018-02-08 20:14:13 39 [Note]   - '::' resolves to '::';
2018-02-08 20:14:13 39 [Note] Server socket created on IP: '::'.
2018-02-08 20:14:13 39 [Warning] 'user' entry 'root@e24d0b5cccc1' ignored in --skip-name-resolve mode.
2018-02-08 20:14:13 39 [Warning] 'user' entry '@e24d0b5cccc1' ignored in --skip-name-resolve mode.
2018-02-08 20:14:13 39 [Warning] 'proxies_priv' entry '@ root@e24d0b5cccc1' ignored in --skip-name-resolve mode.
2018-02-08 20:14:13 39 [Note] Event Scheduler: Loaded 0 events
2018-02-08 20:14:13 39 [Note] /usr/sbin/mysqld: ready for connections.
Version: '5.6.37'  socket: '/var/run/mysqld/mysqld.sock'  port: 3306  MySQL Community Server (GPL)
2018-02-09 01:48:12 40 [Warning] Using unique option prefix myisam-recover instead of myisam-recover-options is deprecated and will be removed in a future release. Please use the full name instead.
2018-02-09 01:48:12 40 [Note] Plugin 'FEDERATED' is disabled.
2018-02-09 01:48:12 40 [Note] InnoDB: Using atomics to ref count buffer pool pages
2018-02-09 01:48:12 40 [Note] InnoDB: The InnoDB memory heap is disabled
2018-02-09 01:48:12 40 [Note] InnoDB: Mutexes and rw_locks use GCC atomic builtins
2018-02-09 01:48:12 40 [Note] InnoDB: Memory barrier is not used
2018-02-09 01:48:12 40 [Note] InnoDB: Compressed tables use zlib 1.2.3
2018-02-09 01:48:12 40 [Note] InnoDB: Using Linux native AIO
2018-02-09 01:48:12 40 [Note] InnoDB: Using CPU crc32 instructions
2018-02-09 01:48:12 40 [Note] InnoDB: Initializing buffer pool, size = 32.0M
2018-02-09 01:48:12 40 [Note] InnoDB: Completed initialization of buffer pool
2018-02-09 01:48:12 40 [Note] InnoDB: Highest supported file format is Barracuda.
2018-02-09 01:48:12 40 [Note] InnoDB: The log sequence numbers 1625987 and 1625987 in ibdata files do not match the log sequence number 6438065 in the ib_logfiles!
2018-02-09 01:48:12 40 [Note] InnoDB: Database was not shutdown normally!
2018-02-09 01:48:12 40 [Note] InnoDB: Starting crash recovery.
2018-02-09 01:48:12 40 [Note] InnoDB: Reading tablespace information from the .ibd files...
2018-02-09 01:48:12 40 [Note] InnoDB: Restoring possible half-written data pages 
2018-02-09 01:48:12 40 [Note] InnoDB: from the doublewrite buffer...
2018-02-09 01:48:12 40 [Note] InnoDB: 128 rollback segment(s) are active.
2018-02-09 01:48:12 40 [Note] InnoDB: Waiting for purge to start
2018-02-09 01:48:12 40 [Note] InnoDB: 5.6.37 started; log sequence number 6438065
2018-02-09 01:48:12 40 [Note] Server hostname (bind-address): '*'; port: 3306
2018-02-09 01:48:12 40 [Note] IPv6 is available.
2018-02-09 01:48:12 40 [Note]   - '::' resolves to '::';
2018-02-09 01:48:12 40 [Note] Server socket created on IP: '::'.
2018-02-09 01:48:12 40 [Warning] 'user' entry 'root@e24d0b5cccc1' ignored in --skip-name-resolve mode.
2018-02-09 01:48:12 40 [Warning] 'user' entry '@e24d0b5cccc1' ignored in --skip-name-resolve mode.
2018-02-09 01:48:12 40 [Warning] 'proxies_priv' entry '@ root@e24d0b5cccc1' ignored in --skip-name-resolve mode.
2018-02-09 01:48:12 40 [Note] Event Scheduler: Loaded 0 events
2018-02-09 01:48:12 40 [Note] /usr/sbin/mysqld: ready for connections.
Version: '5.6.37'  socket: '/var/run/mysqld/mysqld.sock'  port: 3306  MySQL Community Server (GPL)
2018-02-09 23:05:45 38 [Warning] Using unique option prefix myisam-recover instead of myisam-recover-options is deprecated and will be removed in a future release. Please use the full name instead.
2018-02-09 23:05:45 38 [Note] Plugin 'FEDERATED' is disabled.
2018-02-09 23:05:45 38 [Note] InnoDB: Using atomics to ref count buffer pool pages
2018-02-09 23:05:45 38 [Note] InnoDB: The InnoDB memory heap is disabled
2018-02-09 23:05:45 38 [Note] InnoDB: Mutexes and rw_locks use GCC atomic builtins
2018-02-09 23:05:45 38 [Note] InnoDB: Memory barrier is not used
2018-02-09 23:05:45 38 [Note] InnoDB: Compressed tables use zlib 1.2.3
2018-02-09 23:05:45 38 [Note] InnoDB: Using Linux native AIO
2018-02-09 23:05:45 38 [Note] InnoDB: Using CPU crc32 instructions
2018-02-09 23:05:45 38 [Note] InnoDB: Initializing buffer pool, size = 32.0M
2018-02-09 23:05:45 38 [Note] InnoDB: Completed initialization of buffer pool
2018-02-09 23:05:45 38 [Note] InnoDB: Highest supported file format is Barracuda.
2018-02-09 23:05:45 38 [Note] InnoDB: The log sequence numbers 1625987 and 1625987 in ibdata files do not match the log sequence number 6673440 in the ib_logfiles!
2018-02-09 23:05:45 38 [Note] InnoDB: Database was not shutdown normally!
2018-02-09 23:05:45 38 [Note] InnoDB: Starting crash recovery.
2018-02-09 23:05:45 38 [Note] InnoDB: Reading tablespace information from the .ibd files...
2018-02-09 23:05:45 38 [Note] InnoDB: Restoring possible half-written data pages 
2018-02-09 23:05:45 38 [Note] InnoDB: from the doublewrite buffer...
2018-02-09 23:05:45 38 [Note] InnoDB: 128 rollback segment(s) are active.
2018-02-09 23:05:45 38 [Note] InnoDB: Waiting for purge to start
2018-02-09 23:05:45 38 [Note] InnoDB: 5.6.37 started; log sequence number 6673440
2018-02-09 23:05:45 38 [Note] Server hostname (bind-address): '*'; port: 3306
2018-02-09 23:05:45 38 [Note] IPv6 is available.
2018-02-09 23:05:45 38 [Note]   - '::' resolves to '::';
2018-02-09 23:05:45 38 [Note] Server socket created on IP: '::'.
2018-02-09 23:05:45 38 [Warning] 'user' entry 'root@e24d0b5cccc1' ignored in --skip-name-resolve mode.
2018-02-09 23:05:45 38 [Warning] 'user' entry '@e24d0b5cccc1' ignored in --skip-name-resolve mode.
2018-02-09 23:05:45 38 [Warning] 'proxies_priv' entry '@ root@e24d0b5cccc1' ignored in --skip-name-resolve mode.
2018-02-09 23:05:45 38 [Note] Event Scheduler: Loaded 0 events
2018-02-09 23:05:45 38 [Note] /usr/sbin/mysqld: ready for connections.
Version: '5.6.37'  socket: '/var/run/mysqld/mysqld.sock'  port: 3306  MySQL Community Server (GPL)
2018-02-27 16:41:02 39 [Warning] Using unique option prefix myisam-recover instead of myisam-recover-options is deprecated and will be removed in a future release. Please use the full name instead.
2018-02-27 16:41:02 39 [Note] Plugin 'FEDERATED' is disabled.
2018-02-27 16:41:02 39 [Note] InnoDB: Using atomics to ref count buffer pool pages
2018-02-27 16:41:02 39 [Note] InnoDB: The InnoDB memory heap is disabled
2018-02-27 16:41:02 39 [Note] InnoDB: Mutexes and rw_locks use GCC atomic builtins
2018-02-27 16:41:02 39 [Note] InnoDB: Memory barrier is not used
2018-02-27 16:41:02 39 [Note] InnoDB: Compressed tables use zlib 1.2.3
2018-02-27 16:41:02 39 [Note] InnoDB: Using Linux native AIO
2018-02-27 16:41:02 39 [Note] InnoDB: Using CPU crc32 instructions
2018-02-27 16:41:02 39 [Note] InnoDB: Initializing buffer pool, size = 32.0M
2018-02-27 16:41:02 39 [Note] InnoDB: Completed initialization of buffer pool
2018-02-27 16:41:02 39 [Note] InnoDB: Highest supported file format is Barracuda.
2018-02-27 16:41:02 39 [Note] InnoDB: The log sequence numbers 1625987 and 1625987 in ibdata files do not match the log sequence number 6685131 in the ib_logfiles!
2018-02-27 16:41:02 39 [Note] InnoDB: Database was not shutdown normally!
2018-02-27 16:41:02 39 [Note] InnoDB: Starting crash recovery.
2018-02-27 16:41:02 39 [Note] InnoDB: Reading tablespace information from the .ibd files...
2018-02-27 16:41:02 39 [Note] InnoDB: Restoring possible half-written data pages 
2018-02-27 16:41:02 39 [Note] InnoDB: from the doublewrite buffer...
2018-02-27 16:41:02 39 [Note] InnoDB: 128 rollback segment(s) are active.
2018-02-27 16:41:02 39 [Note] InnoDB: Waiting for purge to start
2018-02-27 16:41:02 39 [Note] InnoDB: 5.6.37 started; log sequence number 6685131
2018-02-27 16:41:02 39 [Note] Server hostname (bind-address): '*'; port: 3306
2018-02-27 16:41:02 39 [Note] IPv6 is available.
2018-02-27 16:41:02 39 [Note]   - '::' resolves to '::';
2018-02-27 16:41:02 39 [Note] Server socket created on IP: '::'.
2018-02-27 16:41:02 39 [Warning] 'user' entry 'root@e24d0b5cccc1' ignored in --skip-name-resolve mode.
2018-02-27 16:41:02 39 [Warning] 'user' entry '@e24d0b5cccc1' ignored in --skip-name-resolve mode.
2018-02-27 16:41:02 39 [Warning] 'proxies_priv' entry '@ root@e24d0b5cccc1' ignored in --skip-name-resolve mode.
2018-02-27 16:41:02 39 [Note] Event Scheduler: Loaded 0 events
2018-02-27 16:41:02 39 [Note] /usr/sbin/mysqld: ready for connections.
Version: '5.6.37'  socket: '/var/run/mysqld/mysqld.sock'  port: 3306  MySQL Community Server (GPL)
2018-02-27 18:33:29 38 [Warning] Using unique option prefix myisam-recover instead of myisam-recover-options is deprecated and will be removed in a future release. Please use the full name instead.
2018-02-27 18:33:29 38 [Note] Plugin 'FEDERATED' is disabled.
2018-02-27 18:33:29 38 [Note] InnoDB: Using atomics to ref count buffer pool pages
2018-02-27 18:33:29 38 [Note] InnoDB: The InnoDB memory heap is disabled
2018-02-27 18:33:29 38 [Note] InnoDB: Mutexes and rw_locks use GCC atomic builtins
2018-02-27 18:33:29 38 [Note] InnoDB: Memory barrier is not used
2018-02-27 18:33:29 38 [Note] InnoDB: Compressed tables use zlib 1.2.3
2018-02-27 18:33:29 38 [Note] InnoDB: Using Linux native AIO
2018-02-27 18:33:29 38 [Note] InnoDB: Using CPU crc32 instructions
2018-02-27 18:33:29 38 [Note] InnoDB: Initializing buffer pool, size = 32.0M
2018-02-27 18:33:29 38 [Note] InnoDB: Completed initialization of buffer pool
2018-02-27 18:33:29 38 [Note] InnoDB: Highest supported file format is Barracuda.
2018-02-27 18:33:29 38 [Note] InnoDB: The log sequence numbers 1625987 and 1625987 in ibdata files do not match the log sequence number 6849700 in the ib_logfiles!
2018-02-27 18:33:29 38 [Note] InnoDB: Database was not shutdown normally!
2018-02-27 18:33:29 38 [Note] InnoDB: Starting crash recovery.
2018-02-27 18:33:29 38 [Note] InnoDB: Reading tablespace information from the .ibd files...
2018-02-27 18:33:29 38 [Note] InnoDB: Restoring possible half-written data pages 
2018-02-27 18:33:29 38 [Note] InnoDB: from the doublewrite buffer...
2018-02-27 18:33:30 38 [Note] InnoDB: 128 rollback segment(s) are active.
2018-02-27 18:33:30 38 [Note] InnoDB: Waiting for purge to start
2018-02-27 18:33:30 38 [Note] InnoDB: 5.6.37 started; log sequence number 6849700
2018-02-27 18:33:30 38 [Note] Server hostname (bind-address): '*'; port: 3306
2018-02-27 18:33:30 38 [Note] IPv6 is available.
2018-02-27 18:33:30 38 [Note]   - '::' resolves to '::';
2018-02-27 18:33:30 38 [Note] Server socket created on IP: '::'.
2018-02-27 18:33:30 38 [Warning] 'user' entry 'root@e24d0b5cccc1' ignored in --skip-name-resolve mode.
2018-02-27 18:33:30 38 [Warning] 'user' entry '@e24d0b5cccc1' ignored in --skip-name-resolve mode.
2018-02-27 18:33:30 38 [Warning] 'proxies_priv' entry '@ root@e24d0b5cccc1' ignored in --skip-name-resolve mode.
2018-02-27 18:33:30 38 [Note] Event Scheduler: Loaded 0 events
2018-02-27 18:33:30 38 [Note] /usr/sbin/mysqld: ready for connections.
Version: '5.6.37'  socket: '/var/run/mysqld/mysqld.sock'  port: 3306  MySQL Community Server (GPL)
2018-03-12 20:16:17 39 [Warning] Using unique option prefix myisam-recover instead of myisam-recover-options is deprecated and will be removed in a future release. Please use the full name instead.
2018-03-12 20:16:17 39 [Note] Plugin 'FEDERATED' is disabled.
2018-03-12 20:16:17 39 [Note] InnoDB: Using atomics to ref count buffer pool pages
2018-03-12 20:16:17 39 [Note] InnoDB: The InnoDB memory heap is disabled
2018-03-12 20:16:17 39 [Note] InnoDB: Mutexes and rw_locks use GCC atomic builtins
2018-03-12 20:16:17 39 [Note] InnoDB: Memory barrier is not used
2018-03-12 20:16:17 39 [Note] InnoDB: Compressed tables use zlib 1.2.3
2018-03-12 20:16:17 39 [Note] InnoDB: Using Linux native AIO
2018-03-12 20:16:17 39 [Note] InnoDB: Using CPU crc32 instructions
2018-03-12 20:16:17 39 [Note] InnoDB: Initializing buffer pool, size = 32.0M
2018-03-12 20:16:17 39 [Note] InnoDB: Completed initialization of buffer pool
2018-03-12 20:16:17 39 [Note] InnoDB: Highest supported file format is Barracuda.
2018-03-12 20:16:17 39 [Note] InnoDB: The log sequence numbers 1625987 and 1625987 in ibdata files do not match the log sequence number 7360727 in the ib_logfiles!
2018-03-12 20:16:17 39 [Note] InnoDB: Database was not shutdown normally!
2018-03-12 20:16:17 39 [Note] InnoDB: Starting crash recovery.
2018-03-12 20:16:17 39 [Note] InnoDB: Reading tablespace information from the .ibd files...
2018-03-12 20:16:17 39 [Note] InnoDB: Restoring possible half-written data pages 
2018-03-12 20:16:17 39 [Note] InnoDB: from the doublewrite buffer...
2018-03-12 20:16:17 39 [Note] InnoDB: 128 rollback segment(s) are active.
2018-03-12 20:16:17 39 [Note] InnoDB: Waiting for purge to start
2018-03-12 20:16:17 39 [Note] InnoDB: 5.6.37 started; log sequence number 7360727
2018-03-12 20:16:17 39 [Note] Server hostname (bind-address): '*'; port: 3306
2018-03-12 20:16:17 39 [Note] IPv6 is available.
2018-03-12 20:16:17 39 [Note]   - '::' resolves to '::';
2018-03-12 20:16:17 39 [Note] Server socket created on IP: '::'.
2018-03-12 20:16:17 39 [Warning] 'user' entry 'root@e24d0b5cccc1' ignored in --skip-name-resolve mode.
2018-03-12 20:16:17 39 [Warning] 'user' entry '@e24d0b5cccc1' ignored in --skip-name-resolve mode.
2018-03-12 20:16:17 39 [Warning] 'proxies_priv' entry '@ root@e24d0b5cccc1' ignored in --skip-name-resolve mode.
2018-03-12 20:16:17 39 [Note] Event Scheduler: Loaded 0 events
2018-03-12 20:16:17 39 [Note] /usr/sbin/mysqld: ready for connections.
Version: '5.6.37'  socket: '/var/run/mysqld/mysqld.sock'  port: 3306  MySQL Community Server (GPL)
